> GET https://172.17.10.129:8443/nuage/api/v5_0/me 
> headers: {'Content-Type': 'application/json', 'X-Nuage-Organization': 'csp', 'Authorization': 'XREST Y3Nwcm9vdDpjc3Byb290'}
> data:
  null
< GET https://172.17.10.129:8443/nuage/api/v5_0/me  [200] 
< headers: {'Server': 'Apache-Coyote/1.1', 'Pragma': 'No-cache', 'Cache-Control': 'no-cache', 'Expires': 'Wed, 31 Dec 1969 16:00:00 PST', 'Set-Cookie': 'rememberMe=deleteMe; Path=/nuage; Max-Age=0; Expires=Tue, 24-Nov-2020 10:12:28 GMT', 'Access-Control-Allow-Origin': '*', 'Content-Security-Policy': 'default-src', 'X-XSS-Protection': '1', 'X-Content-Type-Options': 'nosniff', 'X-Frame-Options': 'deny', 'Referrer-Policy': 'origin', 'Strict-Transport-Security': 'max-age=31536000', 'Access-Control-Expose-Headers': 'X-Nuage-Organization, X-Nuage-ProxyUser, X-Nuage-OrderBy, X-Nuage-FilterType, X-Nuage-Filter, X-Nuage-Page, X-Nuage-PageSize, X-Nuage-Count, X-Nuage-Custom, X-Nuage-ClientType, X-SSL-Client-CN, X-SSL-Client-ORG, X-SSL-Client-UID, X-SSL-Issuer-CN, X-SSL-Client-DN, X-SSL-Issuer-DN', 'Content-Type': 'application/json', 'Transfer-Encoding': 'chunked', 'Content-Encoding': 'gzip', 'Vary': 'Accept-Encoding', 'Date': 'Wed, 25 Nov 2020 10:12:28 GMT'}
< data:
[
    {
        "firstName": "csproot",
        "lastName": "csproot",
        "userName": "csproot",
        "email": "csproot@CSP.com",
        "mobileNumber": null,
        "password": null,
        "role": "CSPROOT",
        "enterpriseName": "CSP",
        "avatarType": null,
        "avatarData": null,
        "licenseCapabilities": [
            "ENCRYPTION_ENABLED"
        ],
        "statisticsEnabled": true,
        "statsTSDBServerAddress": "stat1b.nuage.cf:9300",
        "flowCollectionEnabled": true,
        "vssStatsInterval": 30,
        "aarFlowStatsInterval": 30,
        "aarProbeStatsInterval": 30,
        "externalId": null,
        "entityScope": null,
        "ID": "8a6f0e20-a4db-4878-ad84-9cc61756cd5e",
        "APIKey": "8c7023d0-7e67-48c4-a72a-b0d73a81429e",
        "APIKeyExpiry": 1606378846639,
        "enterpriseID": "76046673-d0ea-4a67-b6af-2829952f0812",
        "externalID": null
    }
]
[NURESTSession] Started session with username csproot in enterprise csp
> GET https://172.17.10.129:8443/nuage/api/v5_0/statisticscollector 
> headers: {'Content-Type': 'application/json', 'X-Nuage-Organization': 'csp', 'Authorization': 'XREST Y3Nwcm9vdDo4YzcwMjNkMC03ZTY3LTQ4YzQtYTcyYS1iMGQ3M2E4MTQyOWU='}
> data:
  null
< GET https://172.17.10.129:8443/nuage/api/v5_0/statisticscollector  [200] 
< headers: {'Server': 'Apache-Coyote/1.1', 'Pragma': 'No-cache', 'Cache-Control': 'no-cache', 'Expires': 'Wed, 31 Dec 1969 16:00:00 PST', 'Set-Cookie': 'rememberMe=deleteMe; Path=/nuage; Max-Age=0; Expires=Tue, 24-Nov-2020 10:12:28 GMT', 'Access-Control-Allow-Origin': '*', 'Content-Security-Policy': 'default-src', 'X-XSS-Protection': '1', 'X-Content-Type-Options': 'nosniff', 'X-Frame-Options': 'deny', 'Referrer-Policy': 'origin', 'X-Nuage-Count': '0', 'Strict-Transport-Security': 'max-age=31536000', 'Access-Control-Expose-Headers': 'X-Nuage-Organization, X-Nuage-ProxyUser, X-Nuage-OrderBy, X-Nuage-FilterType, X-Nuage-Filter, X-Nuage-Page, X-Nuage-PageSize, X-Nuage-Count, X-Nuage-Custom, X-Nuage-ClientType, X-SSL-Client-CN, X-SSL-Client-ORG, X-SSL-Client-UID, X-SSL-Issuer-CN, X-SSL-Client-DN, X-SSL-Issuer-DN', 'Content-Length': '0', 'Date': 'Wed, 25 Nov 2020 10:12:28 GMT'}
< data:
null
> GET https://172.17.10.129:8443/nuage/api/v5_0/systemconfigs 
> headers: {'Content-Type': 'application/json', 'X-Nuage-Page': '0', 'X-Nuage-PageSize': '1', 'X-Nuage-Organization': 'csp', 'Authorization': 'XREST Y3Nwcm9vdDo4YzcwMjNkMC03ZTY3LTQ4YzQtYTcyYS1iMGQ3M2E4MTQyOWU='}
> data:
  null
< GET https://172.17.10.129:8443/nuage/api/v5_0/systemconfigs  [200] 
< headers: {'Server': 'Apache-Coyote/1.1', 'Pragma': 'No-cache', 'Cache-Control': 'no-cache', 'Expires': 'Wed, 31 Dec 1969 16:00:00 PST', 'Set-Cookie': 'rememberMe=deleteMe; Path=/nuage; Max-Age=0; Expires=Tue, 24-Nov-2020 10:12:28 GMT', 'Access-Control-Allow-Origin': '*', 'Content-Security-Policy': 'default-src', 'X-Nuage-Page': '0', 'X-XSS-Protection': '1', 'X-Content-Type-Options': 'nosniff', 'X-Frame-Options': 'deny', 'X-Nuage-PageSize': '1', 'Referrer-Policy': 'origin', 'X-Nuage-Count': '1', 'Strict-Transport-Security': 'max-age=31536000', 'Access-Control-Expose-Headers': 'X-Nuage-Organization, X-Nuage-ProxyUser, X-Nuage-OrderBy, X-Nuage-FilterType, X-Nuage-Filter, X-Nuage-Page, X-Nuage-PageSize, X-Nuage-Count, X-Nuage-Custom, X-Nuage-ClientType, X-SSL-Client-CN, X-SSL-Client-ORG, X-SSL-Client-UID, X-SSL-Issuer-CN, X-SSL-Client-DN, X-SSL-Issuer-DN', 'Content-Type': 'application/json', 'Transfer-Encoding': 'chunked', 'Content-Encoding': 'gzip', 'Vary': 'Accept-Encoding', 'Date': 'Wed, 25 Nov 2020 10:12:28 GMT'}
< data:
[
    {
        "children": null,
        "parentType": null,
        "entityScope": "GLOBAL",
        "lastUpdatedBy": "43f8868f-4bc1-472c-9d19-533dcfcb1ee0",
        "lastUpdatedDate": 1573644274000,
        "creationDate": 1383766646000,
        "pageSize": 50,
        "maxResponse": 500,
        "inactiveTimeout": 600000,
        "eventProcessorInterval": 250,
        "eventProcessorMaxEventsCount": 100,
        "statsDatabaseProxy": "stat1b.nuage.cf:6200",
        "elasticClusterName": "nuage_elasticsearch",
        "syslogDestinationHost": "localhost",
        "syslogDestinationPort": 514,
        "statsMinDuration": 2592000,
        "statsMaxDataPoints": 10000,
        "statisticsEnabled": true,
        "flowCollectionEnabled": true,
        "statsCollectorAddress": "172.17.10.129",
        "statsCollectorPort": "29090",
        "statsCollectorProtoBufPort": "39090",
        "subnetResyncInterval": 10,
        "subnetResyncOutstandingInterval": 20,
        "eventLogCleanupInterval": 3600,
        "eventLogEntryMaxAge": 7,
        "sysmonCleanupTaskInterval": 20,
        "sysmonProbeResponseTimeout": 30,
        "domainTunnelType": "VXLAN",
        "customerKey": "d5874ddc-7907-4f1b-b2b1-5576af75f386",
        "ejbcaVspRootCa": "VSPCA",
        "ejbcaOCSPResponderCN": "ocspsigner",
        "ejbcaOCSPResponderURI": "http://localhost:7080/ejbca/publicweb/status/ocsp",
        "ejbcaNSGEndEntityProfile": "NSG",
        "ejbcaNSGCertificateProfile": "VSPClient",
        "twoFactorCodeLength": 6,
        "twoFactorCodeExpiry": 300,
        "twoFactorCodeSeedLength": 96,
        "nsgBootstrapEndpoint": "https://proxy-bootstrap:12443/nuage/api",
        "nsgConfigEndpoint": "https://{proxyDNSName}:11443/nuage/api",
        "nsgLocalUiUrl": "http://registration.nsg",
        "groupKeyDefaultSEKLifetime": 86400,
        "groupKeyMinimumSEKLifetime": 120,
        "groupKeyDefaultSEKGenerationInterval": 1200,
        "groupKeyMinimumSEKGenerationInterval": 20,
        "groupKeyDefaultSeedLifetime": 14400,
        "groupKeyMinimumSeedLifetime": 60,
        "groupKeyDefaultSeedGenerationInterval": 1200,
        "groupKeyMinimumSeedGenerationInterval": 20,
        "groupKeyDefaultTrafficEncryptionKeyLifetime": 600,
        "groupKeyMinimumTrafficEncryptionKeyLifetime": 30,
        "groupKeyDefaultSEKPayloadEncryptionAlgorithm": "RSA_1024",
        "groupKeyDefaultSEKPayloadSigningAlgorithm": "SHA256withRSA",
        "groupKeyDefaultSeedPayloadEncryptionAlgorithm": "AES_256_CBC",
        "groupKeyDefaultSeedPayloadAuthenticationAlgorithm": "HMAC_SHA1",
        "groupKeyDefaultSeedPayloadSigningAlgorithm": "SHA256withRSA",
        "groupKeyDefaultTrafficEncryptionAlgorithm": "AES_128_CBC",
        "groupKeyDefaultTrafficAuthenticationAlgorithm": "HMAC_SHA1",
        "keyServerVSDDataSynchronizationInterval": 3600,
        "keyServerMonitorEnabled": true,
        "groupKeyGenerationIntervalOnRevoke": 60,
        "groupKeyGenerationIntervalOnForcedReKey": 60,
        "allowEnterpriseAvatarOnNSG": true,
        "stickyECMPIdleTimeout": 0,
        "csprootAuthenticationMethod": "LOCAL",
        "accumulateLicensesEnabled": false,
        "perDomainVlanIdEnabled": false,
        "attachProbeToIPsecNPM": true,
        "attachProbeToVXLANNPM": true,
        "infrastructureBGPASNumber": 65500,
        "virtualFirewallRulesEnabled": true,
        "vcinLoadBalancerIP": null,
        "importedSaaSApplicationsVersion": "2.0",
        "googleMapsAPIKey": "",
        "owner": "1000",
        "ID": "5f750a73-e671-4b3d-bdb7-223ea19c1e7f",
        "parentID": null,
        "externalID": null,
        "pageMaxSize": 500,
        "eventProcessorTimeout": 25000,
        "APIKeyValidity": 86400,
        "APIKeyRenewalInterval": 300,
        "stackTraceEnabled": false,
        "VSDReadOnlyMode": false,
        "ACLAllowOrigin": "*",
        "DHCPOptionSize": 16,
        "statsTSDBServerAddress": "stat1b.nuage.cf:9300",
        "statsNumberOfDataPoints": 30,
        "VSSStatsInterval": 30,
        "AARFlowStatsInterval": 30,
        "AARProbeStatsInterval": 30,
        "avatarBaseURL": "https://vsd1b.nuage.cf:8443",
        "avatarBasePath": "/opt/vsd/jboss/standalone/deployments/CloudMgmt-web.war",
        "VMPurgeTime": 60,
        "staticWANServicePurgeTime": 3600,
        "dynamicWANServiceDiffTime": 5,
        "ADGatewayPurgeTime": 7200,
        "VMUnreachableTime": 3600,
        "VMUnreachableCleanupTime": 7200,
        "VMResyncDeletionWaitTime": 2,
        "VMResyncOutstandingInterval": 1000,
        "LRUCacheSizePerSubnet": 32,
        "VMCacheSize": 5000,
        "alarmsMaxPerObject": 10,
        "offsetServiceID": 20001,
        "serviceIDUpperLimit": 2147483648,
        "offsetCustomerID": 10000,
        "customerIDUpperLimit": 2147483647,
        "postProcessorThreadsCount": 10,
        "LDAPTrustStoreCertifcate": "/opt/vsd/jboss/standalone/configuration/vsd.keystore",
        "LDAPTrustStorePassword": "Alcateldc",
        "LDAPSyncInterval": 3600,
        "maxFailedLogins": 0,
        "VNIDLowerLimit": 1,
        "VNIDUpperLimit": 16777165,
        "VNIDPublicNetworkLowerLimit": 1,
        "VNIDPublicNetworkUpperLimit": 16777165,
        "RTLowerLimit": 0,
        "RTUpperLimit": 65535,
        "RDLowerLimit": 0,
        "RDUpperLimit": 65535,
        "RTPublicNetworkLowerLimit": 0,
        "RTPublicNetworkUpperLimit": 65535,
        "RDPublicNetworkLowerLimit": 0,
        "RDPublicNetworkUpperLimit": 65535,
        "esiID": 10000,
        "ASNumber": 65534,
        "statefulACLNonTCPTimeout": 180,
        "statefulACLTCPTimeout": 3600,
        "VSCOnSameVersionAsVSD": true,
        "VSDUpgradeIsComplete": true,
        "sysmonNodePresenceTimeout": 3600,
        "ECMPCount": 1,
        "systemAvatarType": null,
        "systemAvatarData": null,
        "ZFBSchedulerStaleRequestTimeout": 1440,
        "ZFBRequestRetryTimer": 30,
        "ZFBBootstrapEnabled": true,
        "globalMACAddress": "68:54:ED:00:59:EA",
        "VLANIDLowerLimit": 0,
        "VLANIDUpperLimit": 0,
        "PGIDUpperLimit": 2147483647,
        "PGIDLowerLimit": 65536,
        "VNFTaskTimeout": 3600,
        "SaaSApplicationsPublishDate": "BUILT-IN",
        "gatewayRebalancingInterval": 600,
        "gatewayProbeWindow": 120,
        "gatewayProbeInterval": 5,
        "VSDAARApplicationVersion": "1.0.2-1",
        "VSDAARApplicationVersionPublishDate": "BUILT-IN",
        "EVPNBGPCommunityTagLowerLimit": 0,
        "EVPNBGPCommunityTagUpperLimit": 65535,
        "EVPNBGPCommunityTagASNumber": 65534,
        "VPortInitStatefulTimer": 300,
        "NSGUplinkHoldDownTimer": 5
    }
]
